/Users/Home/Documents/FinancialDashboard/venv/lib/python3.9/site-packages/urllib3/__init__.py:35: NotOpenSSLWarning: urllib3 v2 only supports OpenSSL 1.1.1+, currently the 'ssl' module is compiled with 'LibreSSL 2.8.3'. See: https://github.com/urllib3/urllib3/issues/3020
  warnings.warn(

  You can now view your Streamlit app in your browser.

  Local URL: http://localhost:8501
  Network URL: http://10.0.1.3:8501
  External URL: http://69.172.173.243:8501

2026-01-28 22:00:07.908 Uncaught app execution
Traceback (most recent call last):
  File "/Users/Home/Documents/FinancialDashboard/venv/lib/python3.9/site-packages/streamlit/runtime/scriptrunner/exec_code.py", line 128, in exec_func_with_error_handling
    result = func()
  File "/Users/Home/Documents/FinancialDashboard/venv/lib/python3.9/site-packages/streamlit/runtime/scriptrunner/script_runner.py", line 669, in code_to_exec
    exec(code, module.__dict__)  # noqa: S102
  File "/Users/Home/Documents/FinancialDashboard/financial_dashboard/app.py", line 2159, in <module>
    main()
  File "/Users/Home/Documents/FinancialDashboard/financial_dashboard/app.py", line 957, in main
    with tab_details:
NameError: name 'tab_details' is not defined
2026-01-28 22:00:14.870 Uncaught app execution
Traceback (most recent call last):
  File "/Users/Home/Documents/FinancialDashboard/venv/lib/python3.9/site-packages/streamlit/runtime/scriptrunner/exec_code.py", line 128, in exec_func_with_error_handling
    result = func()
  File "/Users/Home/Documents/FinancialDashboard/venv/lib/python3.9/site-packages/streamlit/runtime/scriptrunner/script_runner.py", line 669, in code_to_exec
    exec(code, module.__dict__)  # noqa: S102
  File "/Users/Home/Documents/FinancialDashboard/financial_dashboard/app.py", line 2159, in <module>
    main()
  File "/Users/Home/Documents/FinancialDashboard/financial_dashboard/app.py", line 957, in main
    with tab_details:
NameError: name 'tab_details' is not defined
2026-01-29 07:47:39.020 Uncaught app execution
Traceback (most recent call last):
  File "/Users/Home/Documents/FinancialDashboard/venv/lib/python3.9/site-packages/streamlit/runtime/scriptrunner/exec_code.py", line 128, in exec_func_with_error_handling
    result = func()
  File "/Users/Home/Documents/FinancialDashboard/venv/lib/python3.9/site-packages/streamlit/runtime/scriptrunner/script_runner.py", line 669, in code_to_exec
    exec(code, module.__dict__)  # noqa: S102
  File "/Users/Home/Documents/FinancialDashboard/financial_dashboard/app.py", line 2062, in <module>
    main()
  File "/Users/Home/Documents/FinancialDashboard/financial_dashboard/app.py", line 471, in main
    new_cpp_start = st.selectbox("CPP Start Age", options=list(range(60, 71)), index=cpp_idx, key="p_cpp_start_new", on_change=update_cpp_amt)
  File "/Users/Home/Documents/FinancialDashboard/venv/lib/python3.9/site-packages/streamlit/runtime/metrics_util.py", line 443, in wrapped_func
    result = non_optional_func(*args, **kwargs)
  File "/Users/Home/Documents/FinancialDashboard/venv/lib/python3.9/site-packages/streamlit/elements/widgets/selectbox.py", line 469, in selectbox
    return self._selectbox(
  File "/Users/Home/Documents/FinancialDashboard/venv/lib/python3.9/site-packages/streamlit/elements/widgets/selectbox.py", line 508, in _selectbox
    check_widget_policies(
  File "/Users/Home/Documents/FinancialDashboard/venv/lib/python3.9/site-packages/streamlit/elements/lib/policies.py", line 176, in check_widget_policies
    check_callback_rules(dg, on_change)
  File "/Users/Home/Documents/FinancialDashboard/venv/lib/python3.9/site-packages/streamlit/elements/lib/policies.py", line 53, in check_callback_rules
    raise StreamlitInvalidFormCallbackError()
streamlit.errors.StreamlitInvalidFormCallbackError: Within a form, callbacks can only be defined on `st.form_submit_button`. Defining callbacks on other widgets inside a form is not allowed.
2026-01-29 07:48:29.577 Uncaught app execution
Traceback (most recent call last):
  File "/Users/Home/Documents/FinancialDashboard/venv/lib/python3.9/site-packages/streamlit/runtime/scriptrunner/exec_code.py", line 128, in exec_func_with_error_handling
    result = func()
  File "/Users/Home/Documents/FinancialDashboard/venv/lib/python3.9/site-packages/streamlit/runtime/scriptrunner/script_runner.py", line 669, in code_to_exec
    exec(code, module.__dict__)  # noqa: S102
  File "/Users/Home/Documents/FinancialDashboard/financial_dashboard/app.py", line 2062, in <module>
    main()
  File "/Users/Home/Documents/FinancialDashboard/financial_dashboard/app.py", line 471, in main
    new_cpp_start = st.selectbox("CPP Start Age", options=list(range(60, 71)), index=cpp_idx, key="p_cpp_start_new", on_change=update_cpp_amt)
  File "/Users/Home/Documents/FinancialDashboard/venv/lib/python3.9/site-packages/streamlit/runtime/metrics_util.py", line 443, in wrapped_func
    result = non_optional_func(*args, **kwargs)
  File "/Users/Home/Documents/FinancialDashboard/venv/lib/python3.9/site-packages/streamlit/elements/widgets/selectbox.py", line 469, in selectbox
    return self._selectbox(
  File "/Users/Home/Documents/FinancialDashboard/venv/lib/python3.9/site-packages/streamlit/elements/widgets/selectbox.py", line 508, in _selectbox
    check_widget_policies(
  File "/Users/Home/Documents/FinancialDashboard/venv/lib/python3.9/site-packages/streamlit/elements/lib/policies.py", line 176, in check_widget_policies
    check_callback_rules(dg, on_change)
  File "/Users/Home/Documents/FinancialDashboard/venv/lib/python3.9/site-packages/streamlit/elements/lib/policies.py", line 53, in check_callback_rules
    raise StreamlitInvalidFormCallbackError()
streamlit.errors.StreamlitInvalidFormCallbackError: Within a form, callbacks can only be defined on `st.form_submit_button`. Defining callbacks on other widgets inside a form is not allowed.
2026-01-29 07:59:01.512 Uncaught app execution
Traceback (most recent call last):
  File "/Users/Home/Documents/FinancialDashboard/venv/lib/python3.9/site-packages/streamlit/runtime/scriptrunner/exec_code.py", line 128, in exec_func_with_error_handling
    result = func()
  File "/Users/Home/Documents/FinancialDashboard/venv/lib/python3.9/site-packages/streamlit/runtime/scriptrunner/script_runner.py", line 669, in code_to_exec
    exec(code, module.__dict__)  # noqa: S102
  File "/Users/Home/Documents/FinancialDashboard/financial_dashboard/app.py", line 2067, in <module>
    main()
  File "/Users/Home/Documents/FinancialDashboard/financial_dashboard/app.py", line 465, in main
    st.session_state.p_cpp_amt_direct = gov.get("cpp_amount", get_cpp_estimate(g_cpp_start))
NameError: name 'g_cpp_start' is not defined
2026-01-29 07:59:11.502 Uncaught app execution
Traceback (most recent call last):
  File "/Users/Home/Documents/FinancialDashboard/venv/lib/python3.9/site-packages/streamlit/runtime/scriptrunner/exec_code.py", line 128, in exec_func_with_error_handling
    result = func()
  File "/Users/Home/Documents/FinancialDashboard/venv/lib/python3.9/site-packages/streamlit/runtime/scriptrunner/script_runner.py", line 669, in code_to_exec
    exec(code, module.__dict__)  # noqa: S102
  File "/Users/Home/Documents/FinancialDashboard/financial_dashboard/app.py", line 2067, in <module>
    main()
  File "/Users/Home/Documents/FinancialDashboard/financial_dashboard/app.py", line 465, in main
    st.session_state.p_cpp_amt_direct = gov.get("cpp_amount", get_cpp_estimate(g_cpp_start))
NameError: name 'g_cpp_start' is not defined
2026-01-29 07:59:37.646 Uncaught app execution
Traceback (most recent call last):
  File "/Users/Home/Documents/FinancialDashboard/venv/lib/python3.9/site-packages/streamlit/runtime/scriptrunner/exec_code.py", line 128, in exec_func_with_error_handling
    result = func()
  File "/Users/Home/Documents/FinancialDashboard/venv/lib/python3.9/site-packages/streamlit/runtime/scriptrunner/script_runner.py", line 669, in code_to_exec
    exec(code, module.__dict__)  # noqa: S102
  File "/Users/Home/Documents/FinancialDashboard/financial_dashboard/app.py", line 2067, in <module>
    main()
  File "/Users/Home/Documents/FinancialDashboard/financial_dashboard/app.py", line 465, in main
    st.session_state.p_cpp_amt_direct = gov.get("cpp_amount", get_cpp_estimate(g_cpp_start))
NameError: name 'g_cpp_start' is not defined
2026-01-29 09:27:24.253 Script compilation error
Traceback (most recent call last):
  File "/Users/Home/Documents/FinancialDashboard/venv/lib/python3.9/site-packages/streamlit/runtime/scriptrunner/script_runner.py", line 571, in _run_script
    code = self._script_cache.get_bytecode(script_path)
  File "/Users/Home/Documents/FinancialDashboard/venv/lib/python3.9/site-packages/streamlit/runtime/scriptrunner/script_cache.py", line 72, in get_bytecode
    filebody = magic.add_magic(filebody, script_path)
  File "/Users/Home/Documents/FinancialDashboard/venv/lib/python3.9/site-packages/streamlit/runtime/scriptrunner/magic.py", line 45, in add_magic
    tree = ast.parse(code, script_path, "exec")
  File "/Library/Developer/CommandLineTools/Library/Frameworks/Python3.framework/Versions/3.9/lib/python3.9/ast.py", line 50, in parse
    return compile(source, filename, mode, flags,
  File "/Users/Home/Documents/FinancialDashboard/financial_dashboard/app.py", line 708
    else:
         ^
IndentationError: unindent does not match any outer indentation level
2026-01-29 09:27:24.317 Thread 'MainThread': missing ScriptRunContext! This warning can be ignored when running in bare mode.
2026-01-29 11:13:49.981 Uncaught app execution
Traceback (most recent call last):
  File "/Users/Home/Documents/FinancialDashboard/venv/lib/python3.9/site-packages/streamlit/runtime/scriptrunner/exec_code.py", line 128, in exec_func_with_error_handling
    result = func()
  File "/Users/Home/Documents/FinancialDashboard/venv/lib/python3.9/site-packages/streamlit/runtime/scriptrunner/script_runner.py", line 669, in code_to_exec
    exec(code, module.__dict__)  # noqa: S102
  File "/Users/Home/Documents/FinancialDashboard/financial_dashboard/app.py", line 1987, in <module>
    main()
  File "/Users/Home/Documents/FinancialDashboard/financial_dashboard/app.py", line 893, in main
    {later_content}
NameError: name 'later_content' is not defined
2026-01-29 11:14:22.837 Uncaught app execution
Traceback (most recent call last):
  File "/Users/Home/Documents/FinancialDashboard/venv/lib/python3.9/site-packages/streamlit/runtime/scriptrunner/exec_code.py", line 128, in exec_func_with_error_handling
    result = func()
  File "/Users/Home/Documents/FinancialDashboard/venv/lib/python3.9/site-packages/streamlit/runtime/scriptrunner/script_runner.py", line 669, in code_to_exec
    exec(code, module.__dict__)  # noqa: S102
  File "/Users/Home/Documents/FinancialDashboard/financial_dashboard/app.py", line 1987, in <module>
    main()
  File "/Users/Home/Documents/FinancialDashboard/financial_dashboard/app.py", line 893, in main
    {later_content}
NameError: name 'later_content' is not defined
2026-01-29 11:15:36.500 Script compilation error
Traceback (most recent call last):
  File "/Users/Home/Documents/FinancialDashboard/venv/lib/python3.9/site-packages/streamlit/runtime/scriptrunner/script_runner.py", line 571, in _run_script
    code = self._script_cache.get_bytecode(script_path)
  File "/Users/Home/Documents/FinancialDashboard/venv/lib/python3.9/site-packages/streamlit/runtime/scriptrunner/script_cache.py", line 72, in get_bytecode
    filebody = magic.add_magic(filebody, script_path)
  File "/Users/Home/Documents/FinancialDashboard/venv/lib/python3.9/site-packages/streamlit/runtime/scriptrunner/magic.py", line 45, in add_magic
    tree = ast.parse(code, script_path, "exec")
  File "/Library/Developer/CommandLineTools/Library/Frameworks/Python3.framework/Versions/3.9/lib/python3.9/ast.py", line 50, in parse
    return compile(source, filename, mode, flags,
  File "/Users/Home/Documents/FinancialDashboard/financial_dashboard/app.py", line 800
    if status_mode == "I am still working":
    ^
IndentationError: expected an indented block
2026-01-29 11:15:36.634 Thread 'MainThread': missing ScriptRunContext! This warning can be ignored when running in bare mode.
2026-01-29 11:16:17.726 Script compilation error
Traceback (most recent call last):
  File "/Users/Home/Documents/FinancialDashboard/venv/lib/python3.9/site-packages/streamlit/runtime/scriptrunner/script_runner.py", line 571, in _run_script
    code = self._script_cache.get_bytecode(script_path)
  File "/Users/Home/Documents/FinancialDashboard/venv/lib/python3.9/site-packages/streamlit/runtime/scriptrunner/script_cache.py", line 72, in get_bytecode
    filebody = magic.add_magic(filebody, script_path)
  File "/Users/Home/Documents/FinancialDashboard/venv/lib/python3.9/site-packages/streamlit/runtime/scriptrunner/magic.py", line 45, in add_magic
    tree = ast.parse(code, script_path, "exec")
  File "/Library/Developer/CommandLineTools/Library/Frameworks/Python3.framework/Versions/3.9/lib/python3.9/ast.py", line 50, in parse
    return compile(source, filename, mode, flags,
  File "/Users/Home/Documents/FinancialDashboard/financial_dashboard/app.py", line 800
    if status_mode == "I am still working":
    ^
IndentationError: expected an indented block
2026-01-29 11:16:17.728 Thread 'MainThread': missing ScriptRunContext! This warning can be ignored when running in bare mode.
2026-01-29 11:18:19.851 Uncaught app execution
Traceback (most recent call last):
  File "/Users/Home/Documents/FinancialDashboard/venv/lib/python3.9/site-packages/streamlit/runtime/scriptrunner/exec_code.py", line 128, in exec_func_with_error_handling
    result = func()
  File "/Users/Home/Documents/FinancialDashboard/venv/lib/python3.9/site-packages/streamlit/runtime/scriptrunner/script_runner.py", line 669, in code_to_exec
    exec(code, module.__dict__)  # noqa: S102
  File "/Users/Home/Documents/FinancialDashboard/financial_dashboard/app.py", line 1949, in <module>
    main()
  File "/Users/Home/Documents/FinancialDashboard/financial_dashboard/app.py", line 855, in main
    {later_content}
NameError: name 'later_content' is not defined
2026-01-29 11:18:23.077 Uncaught app execution
Traceback (most recent call last):
  File "/Users/Home/Documents/FinancialDashboard/venv/lib/python3.9/site-packages/streamlit/runtime/scriptrunner/exec_code.py", line 128, in exec_func_with_error_handling
    result = func()
  File "/Users/Home/Documents/FinancialDashboard/venv/lib/python3.9/site-packages/streamlit/runtime/scriptrunner/script_runner.py", line 669, in code_to_exec
    exec(code, module.__dict__)  # noqa: S102
  File "/Users/Home/Documents/FinancialDashboard/financial_dashboard/app.py", line 1949, in <module>
    main()
  File "/Users/Home/Documents/FinancialDashboard/financial_dashboard/app.py", line 855, in main
    {later_content}
NameError: name 'later_content' is not defined
  Stopping...
